Using pre-set license
Built from '2020.3/staging' branch; Version is '2020.3.0f1 (c7b5465681fb) revision 13088070'; Using compiler version '192528614'; Build Type 'Release'
OS: 'Windows 10 Home China; OS build 19042.1288; Version 2009; 64bit' Language: 'zh' Physical Memory: 14204 MB
BatchMode: 1, IsHumanControllingUs: 0, StartBugReporterOnCrash: 0, Is64bit: 1, IsPro: 0

 COMMAND LINE ARGUMENTS:
D:\Program Files\Unity2020.30f1\Editor\Unity.exe
-adb2
-batchMode
-noUpm
-name
AssetImportWorker0
-projectPath
E:/MyGitHubProject/UnityProject/Runtime_Client
-logFile
Logs/AssetImportWorker0.log
-srvPort
58999
Successfully changed project path to: E:/MyGitHubProject/UnityProject/Runtime_Client
E:/MyGitHubProject/UnityProject/Runtime_Client
Using Asset Import Pipeline V2.
Refreshing native plugins compatible for Editor in 25.43 ms, found 0 plugins.
Preloading 0 native plugins for Editor in 0.00 ms.
Initialize engine version: 2020.3.0f1 (c7b5465681fb)
[Subsystems] Discovering subsystems at path D:/Program Files/Unity2020.30f1/Editor/Data/Resources/UnitySubsystems
[Subsystems] Discovering subsystems at path E:/MyGitHubProject/UnityProject/Runtime_Client/Assets
GfxDevice: creating device client; threaded=0
Direct3D:
    Version:  Direct3D 11.0 [level 11.1]
    Renderer: NVIDIA GeForce RTX 3050 Laptop GPU (ID=0x25e2)
    Vendor:   
    VRAM:     3991 MB
    Driver:   27.21.14.6692
Initialize mono
Mono path[0] = 'D:/Program Files/Unity2020.30f1/Editor/Data/Managed'
Mono path[1] = 'D:/Program Files/Unity2020.30f1/Editor/Data/MonoBleedingEdge/lib/mono/unityjit'
Mono config path = 'D:/Program Files/Unity2020.30f1/Editor/Data/MonoBleedingEdge/etc'
Using monoOptions --debugger-agent=transport=dt_socket,embedding=1,server=y,suspend=n,address=127.0.0.1:56212
Begin MonoManager ReloadAssembly
Registering precompiled unity dll's ...
Register platform support module: D:/Program Files/Unity2020.30f1/Editor/Data/PlaybackEngines/WindowsStandaloneSupport/UnityEditor.WindowsStandalone.Extensions.dll
Registered in 0.001014 seconds.
Native extension for WindowsStandalone target not found
Refreshing native plugins compatible for Editor in 25.23 ms, found 0 plugins.
Preloading 0 native plugins for Editor in 0.00 ms.
Invoked RoslynAnalysisRunner static constructor.
RoslynAnalysisRunner will not be running.
RoslynAnalysisRunner has terminated.
Mono: successfully reloaded assembly
- Completed reload, in  0.848 seconds
Platform modules already initialized, skipping
Registering precompiled user dll's ...
Registered in 0.001380 seconds.
Begin MonoManager ReloadAssembly
Native extension for WindowsStandalone target not found
Refreshing native plugins compatible for Editor in 0.31 ms, found 0 plugins.
Preloading 0 native plugins for Editor in 0.00 ms.
Invoked RoslynAnalysisRunner static constructor.
RoslynAnalysisRunner will not be running.
RoslynAnalysisRunner has terminated.
Mono: successfully reloaded assembly
- Completed reload, in  0.666 seconds
Platform modules already initialized, skipping
========================================================================
Worker process is ready to serve import requests
Launched and connected shader compiler UnityShaderCompiler.exe after 0.04 seconds
Refreshing native plugins compatible for Editor in 0.32 ms, found 0 plugins.
Preloading 0 native plugins for Editor in 0.00 ms.
Unloading 1915 Unused Serialized files (Serialized files now loaded: 0)
System memory in use before: 81.5 MB.
System memory in use after: 81.6 MB.

Unloading 13 unused Assets to reduce memory usage. Loaded Objects now: 2357.
Total: 1.771700 ms (FindLiveObjects: 0.194000 ms CreateObjectMapping: 0.046800 ms MarkObjects: 1.457300 ms  DeleteObjects: 0.072900 ms)

========================================================================
Received Import Request.
  path: Assets/Scrips/Managers/AddressableManager.cs
  artifactKey: Guid(a59a37cc89c46574c8d0d8763a387aba) Importer(815301076,1909f56bfc062723c751e8b465ee728b)
Start importing Assets/Scrips/Managers/AddressableManager.cs using Guid(a59a37cc89c46574c8d0d8763a387aba) Importer(815301076,1909f56bfc062723c751e8b465ee728b)  -> (artifact id: '99be21313cbadf0bf922871d2011b4e9') in 0.030087 seconds
  Import took 0.032871 seconds .

========================================================================
Received Import Request.
  Time since last request: 86.491538 seconds.
  path: Assets/Scrips/Managers/AddressableManager.cs
  artifactKey: Guid(a59a37cc89c46574c8d0d8763a387aba) Importer(815301076,1909f56bfc062723c751e8b465ee728b)
Start importing Assets/Scrips/Managers/AddressableManager.cs using Guid(a59a37cc89c46574c8d0d8763a387aba) Importer(815301076,1909f56bfc062723c751e8b465ee728b)  -> (artifact id: 'b1c2c8bafa4c90474af6a5c5dd2c7f53') in 0.001333 seconds
  Import took 0.004071 seconds .

========================================================================
Received Import Request.
  Time since last request: 131.847562 seconds.
  path: Assets/Scrips/Managers/AddressableManager.cs
  artifactKey: Guid(a59a37cc89c46574c8d0d8763a387aba) Importer(815301076,1909f56bfc062723c751e8b465ee728b)
Start importing Assets/Scrips/Managers/AddressableManager.cs using Guid(a59a37cc89c46574c8d0d8763a387aba) Importer(815301076,1909f56bfc062723c751e8b465ee728b)  -> (artifact id: '79b49cbbb1c97aee46c61981edc25bc9') in 0.001307 seconds
  Import took 0.003883 seconds .

========================================================================
Received Import Request.
  Time since last request: 0.019592 seconds.
  path: Assets/Scrips/Managers/AddressableManager.cs
  artifactKey: Guid(a59a37cc89c46574c8d0d8763a387aba) Importer(815301076,1909f56bfc062723c751e8b465ee728b)
Start importing Assets/Scrips/Managers/AddressableManager.cs using Guid(a59a37cc89c46574c8d0d8763a387aba) Importer(815301076,1909f56bfc062723c751e8b465ee728b)  -> (artifact id: '79b49cbbb1c97aee46c61981edc25bc9') in 0.001452 seconds
  Import took 0.004014 seconds .

========================================================================
Received Import Request.
  Time since last request: 24.743227 seconds.
  path: Assets/Scrips/Managers/AddressableManager.cs
  artifactKey: Guid(a59a37cc89c46574c8d0d8763a387aba) Importer(815301076,1909f56bfc062723c751e8b465ee728b)
Start importing Assets/Scrips/Managers/AddressableManager.cs using Guid(a59a37cc89c46574c8d0d8763a387aba) Importer(815301076,1909f56bfc062723c751e8b465ee728b)  -> (artifact id: 'd9495bde606fd5147477fa029fae2aac') in 0.001279 seconds
  Import took 0.003945 seconds .

========================================================================
Received Import Request.
  Time since last request: 37.288687 seconds.
  path: Assets/Scrips/Managers/AddressableManager.cs
  artifactKey: Guid(a59a37cc89c46574c8d0d8763a387aba) Importer(815301076,1909f56bfc062723c751e8b465ee728b)
Start importing Assets/Scrips/Managers/AddressableManager.cs using Guid(a59a37cc89c46574c8d0d8763a387aba) Importer(815301076,1909f56bfc062723c751e8b465ee728b)  -> (artifact id: '77585dd2240be1e425b654c380745320') in 0.001298 seconds
  Import took 0.003825 seconds .

========================================================================
Received Import Request.
  Time since last request: 4.436914 seconds.
  path: Assets/Scrips/Managers/AddressableManager.cs
  artifactKey: Guid(a59a37cc89c46574c8d0d8763a387aba) Importer(815301076,1909f56bfc062723c751e8b465ee728b)
Start importing Assets/Scrips/Managers/AddressableManager.cs using Guid(a59a37cc89c46574c8d0d8763a387aba) Importer(815301076,1909f56bfc062723c751e8b465ee728b)  -> (artifact id: 'b494f3a4d10ce633e19521eb028dde05') in 0.001257 seconds
  Import took 0.003922 seconds .

========================================================================
Received Import Request.
  Time since last request: 1.029536 seconds.
  path: Assets/Scrips/Managers/AddressableManager.cs
  artifactKey: Guid(a59a37cc89c46574c8d0d8763a387aba) Importer(815301076,1909f56bfc062723c751e8b465ee728b)
Start importing Assets/Scrips/Managers/AddressableManager.cs using Guid(a59a37cc89c46574c8d0d8763a387aba) Importer(815301076,1909f56bfc062723c751e8b465ee728b)  -> (artifact id: 'fd8708a8520eb80a6d3a1d6b3d97a347') in 0.001359 seconds
  Import took 0.004011 seconds .

========================================================================
Received Import Request.
  Time since last request: 2.953883 seconds.
  path: Assets/Scrips/Managers/AddressableManager.cs
  artifactKey: Guid(a59a37cc89c46574c8d0d8763a387aba) Importer(815301076,1909f56bfc062723c751e8b465ee728b)
Start importing Assets/Scrips/Managers/AddressableManager.cs using Guid(a59a37cc89c46574c8d0d8763a387aba) Importer(815301076,1909f56bfc062723c751e8b465ee728b)  -> (artifact id: 'dfebd4f014e5e4f493e1271b42e9c2b7') in 0.001370 seconds
  Import took 0.004121 seconds .

========================================================================
Received Import Request.
  Time since last request: 9.532078 seconds.
  path: Assets/Scrips/Managers/AddressableManager.cs
  artifactKey: Guid(a59a37cc89c46574c8d0d8763a387aba) Importer(815301076,1909f56bfc062723c751e8b465ee728b)
Start importing Assets/Scrips/Managers/AddressableManager.cs using Guid(a59a37cc89c46574c8d0d8763a387aba) Importer(815301076,1909f56bfc062723c751e8b465ee728b)  -> (artifact id: 'cbc994abebbca75f57ca274ab6d87d22') in 0.001324 seconds
  Import took 0.003897 seconds .

========================================================================
Received Import Request.
  Time since last request: 16.632724 seconds.
  path: Assets/Scrips/Managers/AddressableManager.cs
  artifactKey: Guid(a59a37cc89c46574c8d0d8763a387aba) Importer(815301076,1909f56bfc062723c751e8b465ee728b)
Start importing Assets/Scrips/Managers/AddressableManager.cs using Guid(a59a37cc89c46574c8d0d8763a387aba) Importer(815301076,1909f56bfc062723c751e8b465ee728b)  -> (artifact id: '497d986dd18d385549a5cd3d16d2132c') in 0.001315 seconds
  Import took 0.004026 seconds .

========================================================================
Received Import Request.
  Time since last request: 945.929433 seconds.
  path: Assets/Scrips/Managers/AddressableManager.cs
  artifactKey: Guid(a59a37cc89c46574c8d0d8763a387aba) Importer(815301076,1909f56bfc062723c751e8b465ee728b)
Start importing Assets/Scrips/Managers/AddressableManager.cs using Guid(a59a37cc89c46574c8d0d8763a387aba) Importer(815301076,1909f56bfc062723c751e8b465ee728b)  -> (artifact id: '2564e6f912a46ed4c7708e664a8ad003') in 0.001374 seconds
  Import took 0.004331 seconds .

========================================================================
Received Import Request.
  Time since last request: 280.424138 seconds.
  path: Assets/Scrips/Managers/AddressableManager.cs
  artifactKey: Guid(a59a37cc89c46574c8d0d8763a387aba) Importer(815301076,1909f56bfc062723c751e8b465ee728b)
Start importing Assets/Scrips/Managers/AddressableManager.cs using Guid(a59a37cc89c46574c8d0d8763a387aba) Importer(815301076,1909f56bfc062723c751e8b465ee728b)  -> (artifact id: '951eef99ef050c4d9b907693d419aedb') in 0.001439 seconds
  Import took 0.004451 seconds .

========================================================================
Received Import Request.
  Time since last request: 20.811825 seconds.
  path: Assets/Scrips/Managers/AddressableManager.cs
  artifactKey: Guid(a59a37cc89c46574c8d0d8763a387aba) Importer(815301076,1909f56bfc062723c751e8b465ee728b)
Start importing Assets/Scrips/Managers/AddressableManager.cs using Guid(a59a37cc89c46574c8d0d8763a387aba) Importer(815301076,1909f56bfc062723c751e8b465ee728b)  -> (artifact id: '4dd2d73fd1cb44dca357dc06324fbba7') in 0.001369 seconds
  Import took 0.004122 seconds .

========================================================================
Received Import Request.
  Time since last request: 3.913650 seconds.
  path: Assets/Scrips/Managers/AddressableManager.cs
  artifactKey: Guid(a59a37cc89c46574c8d0d8763a387aba) Importer(815301076,1909f56bfc062723c751e8b465ee728b)
Start importing Assets/Scrips/Managers/AddressableManager.cs using Guid(a59a37cc89c46574c8d0d8763a387aba) Importer(815301076,1909f56bfc062723c751e8b465ee728b)  -> (artifact id: '9a275f11abd4e4683c6d025808b5ff54') in 0.001285 seconds
  Import took 0.004027 seconds .

========================================================================
Received Import Request.
  Time since last request: 315.524160 seconds.
  path: Assets/Scrips/Managers/AddressableManager.cs
  artifactKey: Guid(a59a37cc89c46574c8d0d8763a387aba) Importer(815301076,1909f56bfc062723c751e8b465ee728b)
Start importing Assets/Scrips/Managers/AddressableManager.cs using Guid(a59a37cc89c46574c8d0d8763a387aba) Importer(815301076,1909f56bfc062723c751e8b465ee728b)  -> (artifact id: 'be8d0a7723cb9a14bd10d10c3b1613f1') in 0.001338 seconds
  Import took 0.004264 seconds .

========================================================================
Received Import Request.
  Time since last request: 255.996100 seconds.
  path: Assets/Scrips/Managers/AddressableManager.cs
  artifactKey: Guid(a59a37cc89c46574c8d0d8763a387aba) Importer(815301076,1909f56bfc062723c751e8b465ee728b)
Start importing Assets/Scrips/Managers/AddressableManager.cs using Guid(a59a37cc89c46574c8d0d8763a387aba) Importer(815301076,1909f56bfc062723c751e8b465ee728b)  -> (artifact id: '26796375bd617455db3c4a335c897632') in 0.001311 seconds
  Import took 0.003969 seconds .

========================================================================
Received Import Request.
  Time since last request: 29.527550 seconds.
  path: Assets/Scrips/Managers/AddressableManager.cs
  artifactKey: Guid(a59a37cc89c46574c8d0d8763a387aba) Importer(815301076,1909f56bfc062723c751e8b465ee728b)
Start importing Assets/Scrips/Managers/AddressableManager.cs using Guid(a59a37cc89c46574c8d0d8763a387aba) Importer(815301076,1909f56bfc062723c751e8b465ee728b)  -> (artifact id: '22251f2bcc0b742f4c230019fb097f25') in 0.001293 seconds
  Import took 0.003904 seconds .

========================================================================
Received Import Request.
  Time since last request: 20.622078 seconds.
  path: Assets/Scrips/Managers/AddressableManager.cs
  artifactKey: Guid(a59a37cc89c46574c8d0d8763a387aba) Importer(815301076,1909f56bfc062723c751e8b465ee728b)
Start importing Assets/Scrips/Managers/AddressableManager.cs using Guid(a59a37cc89c46574c8d0d8763a387aba) Importer(815301076,1909f56bfc062723c751e8b465ee728b)  -> (artifact id: '05bb64b03c8f73b83f02af232a4f5181') in 0.001363 seconds
  Import took 0.004119 seconds .

========================================================================
Received Import Request.
  Time since last request: 63.390468 seconds.
  path: Assets/Scrips/Managers/AddressableManager.cs
  artifactKey: Guid(a59a37cc89c46574c8d0d8763a387aba) Importer(815301076,1909f56bfc062723c751e8b465ee728b)
Start importing Assets/Scrips/Managers/AddressableManager.cs using Guid(a59a37cc89c46574c8d0d8763a387aba) Importer(815301076,1909f56bfc062723c751e8b465ee728b)  -> (artifact id: '236f26dfc41d8aacea4c7352553f91e1') in 0.001396 seconds
  Import took 0.004253 seconds .

========================================================================
Received Prepare
Registering precompiled user dll's ...
Registered in 0.001464 seconds.
Begin MonoManager ReloadAssembly
Native extension for WindowsStandalone target not found
Refreshing native plugins compatible for Editor in 0.33 ms, found 0 plugins.
Preloading 0 native plugins for Editor in 0.00 ms.
Invoked RoslynAnalysisRunner static constructor.
RoslynAnalysisRunner will not be running.
RoslynAnalysisRunner has terminated.
Mono: successfully reloaded assembly
- Completed reload, in  0.621 seconds
Platform modules already initialized, skipping
Refreshing native plugins compatible for Editor in 0.30 ms, found 0 plugins.
Preloading 0 native plugins for Editor in 0.00 ms.
Unloading 1895 Unused Serialized files (Serialized files now loaded: 0)
System memory in use before: 81.4 MB.
System memory in use after: 81.5 MB.

Unloading 8 unused Assets to reduce memory usage. Loaded Objects now: 2360.
Total: 1.582300 ms (FindLiveObjects: 0.184000 ms CreateObjectMapping: 0.037700 ms MarkObjects: 1.314300 ms  DeleteObjects: 0.045500 ms)

========================================================================
Received Prepare
Registering precompiled user dll's ...
Registered in 0.001351 seconds.
Begin MonoManager ReloadAssembly
Native extension for WindowsStandalone target not found
Refreshing native plugins compatible for Editor in 0.32 ms, found 0 plugins.
Preloading 0 native plugins for Editor in 0.00 ms.
Invoked RoslynAnalysisRunner static constructor.
RoslynAnalysisRunner will not be running.
RoslynAnalysisRunner has terminated.
Mono: successfully reloaded assembly
- Completed reload, in  0.590 seconds
Platform modules already initialized, skipping
Refreshing native plugins compatible for Editor in 0.30 ms, found 0 plugins.
Preloading 0 native plugins for Editor in 0.00 ms.
Unloading 1895 Unused Serialized files (Serialized files now loaded: 0)
System memory in use before: 81.5 MB.
System memory in use after: 81.5 MB.

Unloading 8 unused Assets to reduce memory usage. Loaded Objects now: 2363.
Total: 1.792500 ms (FindLiveObjects: 0.189200 ms CreateObjectMapping: 0.052200 ms MarkObjects: 1.502900 ms  DeleteObjects: 0.045800 ms)

========================================================================
Received Import Request.
  Time since last request: 1727.626509 seconds.
  path: Assets/StreamingAssets/HotFix/Assembly-CSharp.dll
  artifactKey: Guid(f23451bdc7850c24c93165b23a76c954) Importer(815301076,1909f56bfc062723c751e8b465ee728b)
Start importing Assets/StreamingAssets/HotFix/Assembly-CSharp.dll using Guid(f23451bdc7850c24c93165b23a76c954) Importer(815301076,1909f56bfc062723c751e8b465ee728b)  -> (artifact id: '68976ae81736e624a334f1b4e7383353') in 0.008736 seconds
  Import took 0.011928 seconds .

========================================================================
Received Import Request.
  Time since last request: 1.334902 seconds.
  path: Assets/StreamingAssets/HotFix/HotFix_Project.dll
  artifactKey: Guid(5c0bd957fe62c67459e44400fc8d5fdd) Importer(815301076,1909f56bfc062723c751e8b465ee728b)
Start importing Assets/StreamingAssets/HotFix/HotFix_Project.dll using Guid(5c0bd957fe62c67459e44400fc8d5fdd) Importer(815301076,1909f56bfc062723c751e8b465ee728b)  -> (artifact id: '26ac68af5994656806228a93cc4dbe74') in 0.001789 seconds
  Import took 0.004756 seconds .

========================================================================
Received Import Request.
  Time since last request: 141.494035 seconds.
  path: Assets/StreamingAssets/HotFix/System.Data.Common.dll
  artifactKey: Guid(992fba76864774448b23d023f5de1eee) Importer(815301076,1909f56bfc062723c751e8b465ee728b)
Start importing Assets/StreamingAssets/HotFix/System.Data.Common.dll using Guid(992fba76864774448b23d023f5de1eee) Importer(815301076,1909f56bfc062723c751e8b465ee728b)  -> (artifact id: 'ec410c0b86f04975e45a12c71ed2d271') in 0.001705 seconds
  Import took 0.004614 seconds .

========================================================================
Received Import Request.
  Time since last request: 111.762788 seconds.
  path: Assets/StreamingAssets/HotFix/System.Diagnostics.StackTrace.dll
  artifactKey: Guid(2cb9dd5b1938c2348a9b4c0feee41210) Importer(815301076,1909f56bfc062723c751e8b465ee728b)
Start importing Assets/StreamingAssets/HotFix/System.Diagnostics.StackTrace.dll using Guid(2cb9dd5b1938c2348a9b4c0feee41210) Importer(815301076,1909f56bfc062723c751e8b465ee728b)  -> (artifact id: '79dced1580ce88b7b5692d5c61f0041f') in 0.001888 seconds
  Import took 0.005760 seconds .

========================================================================
Received Import Request.
  Time since last request: 20.571141 seconds.
  path: Assets/StreamingAssets/HotFix/System.Globalization.Extensions.dll
  artifactKey: Guid(9cb5fdbfcddbc6f4b9ff1ad2929c7e92) Importer(815301076,1909f56bfc062723c751e8b465ee728b)
Start importing Assets/StreamingAssets/HotFix/System.Globalization.Extensions.dll using Guid(9cb5fdbfcddbc6f4b9ff1ad2929c7e92) Importer(815301076,1909f56bfc062723c751e8b465ee728b)  -> (artifact id: '878414d412e91e67264b69b1980520d2') in 0.001930 seconds
  Import took 0.005088 seconds .

========================================================================
Received Import Request.
  Time since last request: 0.492267 seconds.
  path: Assets/StreamingAssets/HotFix/System.IO.Compression.dll
  artifactKey: Guid(ba929b93b452fb0428fead555a78b441) Importer(815301076,1909f56bfc062723c751e8b465ee728b)
Start importing Assets/StreamingAssets/HotFix/System.IO.Compression.dll using Guid(ba929b93b452fb0428fead555a78b441) Importer(815301076,1909f56bfc062723c751e8b465ee728b)  -> (artifact id: 'eae0c34651255d0da3a2c503a962d799') in 0.001816 seconds
  Import took 0.004935 seconds .

========================================================================
Received Import Request.
  Time since last request: 0.417616 seconds.
  path: Assets/StreamingAssets/HotFix/System.Net.Http.dll
  artifactKey: Guid(8a7b2fd2bcc7b8040a25661c4acf2d32) Importer(815301076,1909f56bfc062723c751e8b465ee728b)
Start importing Assets/StreamingAssets/HotFix/System.Net.Http.dll using Guid(8a7b2fd2bcc7b8040a25661c4acf2d32) Importer(815301076,1909f56bfc062723c751e8b465ee728b)  -> (artifact id: '2e976fa26fa98d7d9bc6f8097637a34b') in 0.001583 seconds
  Import took 0.004737 seconds .

========================================================================
Received Import Request.
  Time since last request: 12.465253 seconds.
  path: Assets/StreamingAssets/HotFix/HotFix_Project.dll
  artifactKey: Guid(5c0bd957fe62c67459e44400fc8d5fdd) Importer(815301076,1909f56bfc062723c751e8b465ee728b)
Start importing Assets/StreamingAssets/HotFix/HotFix_Project.dll using Guid(5c0bd957fe62c67459e44400fc8d5fdd) Importer(815301076,1909f56bfc062723c751e8b465ee728b)  -> (artifact id: '224d7c03a8e4f61c9809c969fd6399e1') in 0.001435 seconds
  Import took 0.004375 seconds .

========================================================================
Received Import Request.
  Time since last request: 18.876647 seconds.
  path: Assets/StreamingAssets/HotFix/System.dll
  artifactKey: Guid(d04d06a11e0e2b641bea740177d6575a) Importer(815301076,1909f56bfc062723c751e8b465ee728b)
Start importing Assets/StreamingAssets/HotFix/System.dll using Guid(d04d06a11e0e2b641bea740177d6575a) Importer(815301076,1909f56bfc062723c751e8b465ee728b)  -> (artifact id: '0fd442d43394264c7483a4e9b0aa5eb4') in 0.001746 seconds
  Import took 0.004477 seconds .

========================================================================
Received Import Request.
  Time since last request: 205.147062 seconds.
  path: Assets/StreamingAssets/HotFix/HotFix_Project.dll
  artifactKey: Guid(5c0bd957fe62c67459e44400fc8d5fdd) Importer(815301076,1909f56bfc062723c751e8b465ee728b)
Start importing Assets/StreamingAssets/HotFix/HotFix_Project.dll using Guid(5c0bd957fe62c67459e44400fc8d5fdd) Importer(815301076,1909f56bfc062723c751e8b465ee728b)  -> (artifact id: 'd615a700bdecd266ec97a2a4c1cdf2af') in 0.001631 seconds
  Import took 0.005613 seconds .

========================================================================
Received Import Request.
  Time since last request: 341.674522 seconds.
  path: Assets/StreamingAssets/HotFix/HotFix_Project.dll
  artifactKey: Guid(5c0bd957fe62c67459e44400fc8d5fdd) Importer(815301076,1909f56bfc062723c751e8b465ee728b)
Start importing Assets/StreamingAssets/HotFix/HotFix_Project.dll using Guid(5c0bd957fe62c67459e44400fc8d5fdd) Importer(815301076,1909f56bfc062723c751e8b465ee728b)  -> (artifact id: 'c70c7b178620280961254f41ef1fccff') in 0.001727 seconds
  Import took 0.004844 seconds .

AssetImportWorkerClient::OnTransportError - code=2 error=End of file
